<?xml version="1.0" encoding="UTF-8"?>
<testng-results ignored="0" total="24" passed="21" failed="3" skipped="0">
  <reporter-output>
    <line>
      <![CDATA[<a href='C:\Users\sonrisa\Desktop\MIGRATE\Company stuff\Portfolio\Sonrisa\untitled\test-output\failure_screenshots\The user can see elements in the shadow dom_2024_12_29_05_59_14.png'> <img src='C:\Users\sonrisa\Desktop\MIGRATE\Company stuff\Portfolio\Sonrisa\untitled\test-output\failure_screenshots\The user can see elements in the shadow dom_2024_12_29_05_59_14.png' height='100' width='100'/> </a>]]>
    </line>
    <line>
      <![CDATA[<a href='C:\Users\sonrisa\Desktop\MIGRATE\Company stuff\Portfolio\Sonrisa\untitled\test-output\failure_screenshots\The user can see elements in the shadow dom_2024_12_29_05_59_15.png'> <img src='C:\Users\sonrisa\Desktop\MIGRATE\Company stuff\Portfolio\Sonrisa\untitled\test-output\failure_screenshots\The user can see elements in the shadow dom_2024_12_29_05_59_15.png' height='100' width='100'/> </a>]]>
    </line>
    <line>
      <![CDATA[<a href='C:\Users\sonrisa\Desktop\MIGRATE\Company stuff\Portfolio\Sonrisa\untitled\test-output\failure_screenshots\The user can see elements in the shadow dom_2024_12_29_05_59_37.png'> <img src='C:\Users\sonrisa\Desktop\MIGRATE\Company stuff\Portfolio\Sonrisa\untitled\test-output\failure_screenshots\The user can see elements in the shadow dom_2024_12_29_05_59_37.png' height='100' width='100'/> </a>]]>
    </line>
  </reporter-output>
  <suite started-at="2024-12-29T17:59:03 CET" name="Smoke tests" finished-at="2024-12-29T17:59:40 CET" duration-ms="36893">
    <groups>
      <group name="cucumber">
        <method signature="AbstractTestNGCucumberTests.runScenario(io.cucumber.testng.PickleWrapper,io.cucumber.testng.FeatureWrapper)[pri:0, instance:org.selenium_cucumber.runner.CucumberRunnerTests@6f96c77]" name="runScenario" class="io.cucumber.testng.AbstractTestNGCucumberTests"/>
        <method signature="AbstractTestNGCucumberTests.runScenario(io.cucumber.testng.PickleWrapper,io.cucumber.testng.FeatureWrapper)[pri:0, instance:org.selenium_cucumber.runner.CucumberRunnerTests@35ef1869]" name="runScenario" class="io.cucumber.testng.AbstractTestNGCucumberTests"/>
        <method signature="AbstractTestNGCucumberTests.runScenario(io.cucumber.testng.PickleWrapper,io.cucumber.testng.FeatureWrapper)[pri:0, instance:org.selenium_cucumber.runner.CucumberRunnerTests@130161f7]" name="runScenario" class="io.cucumber.testng.AbstractTestNGCucumberTests"/>
      </group> <!-- cucumber -->
    </groups>
    <test started-at="2024-12-29T17:59:03 CET" name="Smoke Tests Chrome" finished-at="2024-12-29T17:59:29 CET" duration-ms="26476">
      <class name="org.selenium_cucumber.runner.CucumberRunnerTests">
        <test-method is-config="true" signature="setUpClass(org.testng.ITestContext)[pri:0, instance:org.selenium_cucumber.runner.CucumberRunnerTests@6f96c77]" started-at="2024-12-29T17:59:03 CET" name="setUpClass" finished-at="2024-12-29T17:59:03 CET" duration-ms="297" status="PASS">
          <params>
            <param index="0">
              <value>
                <![CDATA[org.testng.TestRunner@74f0ea28]]>
              </value>
            </param>
          </params>
          <reporter-output>
          </reporter-output>
        </test-method> <!-- setUpClass -->
        <test-method signature="runScenario(io.cucumber.testng.PickleWrapper,io.cucumber.testng.FeatureWrapper)[pri:0, instance:org.selenium_cucumber.runner.CucumberRunnerTests@6f96c77]" started-at="2024-12-29T17:59:03 CET" name="runScenario" description="Runs Cucumber Scenarios" data-provider="scenarios" finished-at="2024-12-29T17:59:25 CET" duration-ms="21704" status="PASS">
          <params>
            <param index="0">
              <value>
                <![CDATA["The user can add new elements and remove them"]]>
              </value>
            </param>
            <param index="1">
              <value>
                <![CDATA["A new element can be added and deleted"]]>
              </value>
            </param>
          </params>
          <reporter-output>
          </reporter-output>
        </test-method> <!-- runScenario -->
        <test-method signature="runScenario(io.cucumber.testng.PickleWrapper,io.cucumber.testng.FeatureWrapper)[pri:0, instance:org.selenium_cucumber.runner.CucumberRunnerTests@6f96c77]" started-at="2024-12-29T17:59:03 CET" name="runScenario" description="Runs Cucumber Scenarios" data-provider="scenarios" finished-at="2024-12-29T17:59:17 CET" duration-ms="14151" status="PASS">
          <params>
            <param index="0">
              <value>
                <![CDATA["The user can log in"]]>
              </value>
            </param>
            <param index="1">
              <value>
                <![CDATA["The login and logout functionality works"]]>
              </value>
            </param>
          </params>
          <reporter-output>
          </reporter-output>
        </test-method> <!-- runScenario -->
        <test-method signature="runScenario(io.cucumber.testng.PickleWrapper,io.cucumber.testng.FeatureWrapper)[pri:0, instance:org.selenium_cucumber.runner.CucumberRunnerTests@6f96c77]" started-at="2024-12-29T17:59:03 CET" name="runScenario" description="Runs Cucumber Scenarios" data-provider="scenarios" finished-at="2024-12-29T17:59:14 CET" duration-ms="11184" status="PASS">
          <params>
            <param index="0">
              <value>
                <![CDATA["The user can add new elements and remove them"]]>
              </value>
            </param>
            <param index="1">
              <value>
                <![CDATA["A new element can be added and deleted"]]>
              </value>
            </param>
          </params>
          <reporter-output>
          </reporter-output>
        </test-method> <!-- runScenario -->
        <test-method signature="runScenario(io.cucumber.testng.PickleWrapper,io.cucumber.testng.FeatureWrapper)[pri:0, instance:org.selenium_cucumber.runner.CucumberRunnerTests@6f96c77]" started-at="2024-12-29T17:59:03 CET" name="runScenario" description="Runs Cucumber Scenarios" data-provider="scenarios" finished-at="2024-12-29T17:59:29 CET" duration-ms="26103" status="PASS">
          <params>
            <param index="0">
              <value>
                <![CDATA["The user can log in"]]>
              </value>
            </param>
            <param index="1">
              <value>
                <![CDATA["The login and logout functionality works"]]>
              </value>
            </param>
          </params>
          <reporter-output>
          </reporter-output>
        </test-method> <!-- runScenario -->
        <test-method signature="runScenario(io.cucumber.testng.PickleWrapper,io.cucumber.testng.FeatureWrapper)[pri:0, instance:org.selenium_cucumber.runner.CucumberRunnerTests@6f96c77]" started-at="2024-12-29T17:59:03 CET" name="runScenario" description="Runs Cucumber Scenarios" data-provider="scenarios" finished-at="2024-12-29T17:59:22 CET" duration-ms="19026" status="PASS">
          <params>
            <param index="0">
              <value>
                <![CDATA["The user can add new elements and remove them"]]>
              </value>
            </param>
            <param index="1">
              <value>
                <![CDATA["A new element can be added and deleted"]]>
              </value>
            </param>
          </params>
          <reporter-output>
          </reporter-output>
        </test-method> <!-- runScenario -->
        <test-method signature="runScenario(io.cucumber.testng.PickleWrapper,io.cucumber.testng.FeatureWrapper)[pri:0, instance:org.selenium_cucumber.runner.CucumberRunnerTests@6f96c77]" started-at="2024-12-29T17:59:03 CET" name="runScenario" description="Runs Cucumber Scenarios" data-provider="scenarios" finished-at="2024-12-29T17:59:22 CET" duration-ms="18655" status="PASS">
          <params>
            <param index="0">
              <value>
                <![CDATA["The user can select and deselect checkboxes"]]>
              </value>
            </param>
            <param index="1">
              <value>
                <![CDATA["The checkboxes can be selected and deselected"]]>
              </value>
            </param>
          </params>
          <reporter-output>
          </reporter-output>
        </test-method> <!-- runScenario -->
        <test-method signature="runScenario(io.cucumber.testng.PickleWrapper,io.cucumber.testng.FeatureWrapper)[pri:0, instance:org.selenium_cucumber.runner.CucumberRunnerTests@6f96c77]" started-at="2024-12-29T17:59:03 CET" name="runScenario" description="Runs Cucumber Scenarios" data-provider="scenarios" finished-at="2024-12-29T17:59:27 CET" duration-ms="23579" status="PASS">
          <params>
            <param index="0">
              <value>
                <![CDATA["The user can log out"]]>
              </value>
            </param>
            <param index="1">
              <value>
                <![CDATA["The login and logout functionality works"]]>
              </value>
            </param>
          </params>
          <reporter-output>
          </reporter-output>
        </test-method> <!-- runScenario -->
        <test-method signature="runScenario(io.cucumber.testng.PickleWrapper,io.cucumber.testng.FeatureWrapper)[pri:0, instance:org.selenium_cucumber.runner.CucumberRunnerTests@6f96c77]" started-at="2024-12-29T17:59:03 CET" name="runScenario" description="Runs Cucumber Scenarios" data-provider="scenarios" finished-at="2024-12-29T17:59:15 CET" duration-ms="11227" status="FAIL">
          <params>
            <param index="0">
              <value>
                <![CDATA["The user can see elements in the shadow dom"]]>
              </value>
            </param>
            <param index="1">
              <value>
                <![CDATA["The page contains elements in the shadow dom"]]>
              </value>
            </param>
          </params>
          <exception class="java.lang.AssertionError">
            <message>
              <![CDATA[The following asserts failed:
expected [FAIL Let's have some different text!
In a list!] but found [Let's have some different text!
In a list!]]]>
            </message>
            <full-stacktrace>
              <![CDATA[java.lang.AssertionError: The following asserts failed:
expected [FAIL Let's have some different text!
In a list!] but found [Let's have some different text!
In a list!]
at org.testng.asserts.SoftAssert.assertAll(SoftAssert.java:46)
at org.testng.asserts.SoftAssert.assertAll(SoftAssert.java:30)
at org.selenium_cucumber.utilities.Verify.elementHasText(Verify.java:90)
at org.selenium_cucumber.stepdefinitions.ShadowDomStepDefs.theSecondParagraphAppearsWithCorrectText(ShadowDomStepDefs.java:41)
at ✽.the second paragraph appears with correct text(file:///C:/Users/sonrisa/Desktop/MIGRATE/Company%20stuff/Portfolio/Sonrisa/untitled/src/test/resources/features/Shadow_Dom.feature:14)
]]>
            </full-stacktrace>
          </exception> <!-- java.lang.AssertionError -->
          <reporter-output>
            <line>
              <![CDATA[<a href='C:\Users\sonrisa\Desktop\MIGRATE\Company stuff\Portfolio\Sonrisa\untitled\test-output\failure_screenshots\The user can see elements in the shadow dom_2024_12_29_05_59_14.png'> <img src='C:\Users\sonrisa\Desktop\MIGRATE\Company stuff\Portfolio\Sonrisa\untitled\test-output\failure_screenshots\The user can see elements in the shadow dom_2024_12_29_05_59_14.png' height='100' width='100'/> </a>]]>
            </line>
          </reporter-output>
        </test-method> <!-- runScenario -->
        <test-method is-config="true" signature="tearDownClass()[pri:0, instance:org.selenium_cucumber.runner.CucumberRunnerTests@6f96c77]" started-at="2024-12-29T17:59:29 CET" name="tearDownClass" finished-at="2024-12-29T17:59:29 CET" duration-ms="4" status="PASS">
          <reporter-output>
          </reporter-output>
        </test-method> <!-- tearDownClass -->
      </class> <!-- org.selenium_cucumber.runner.CucumberRunnerTests -->
    </test> <!-- Smoke Tests Chrome -->
    <test started-at="2024-12-29T17:59:03 CET" name="Smoke Tests Microsoft Edge" finished-at="2024-12-29T17:59:33 CET" duration-ms="30148">
      <class name="org.selenium_cucumber.runner.CucumberRunnerTests">
        <test-method is-config="true" signature="setUpClass(org.testng.ITestContext)[pri:0, instance:org.selenium_cucumber.runner.CucumberRunnerTests@130161f7]" started-at="2024-12-29T17:59:03 CET" name="setUpClass" finished-at="2024-12-29T17:59:03 CET" duration-ms="297" status="PASS">
          <params>
            <param index="0">
              <value>
                <![CDATA[org.testng.TestRunner@3c19aaa5]]>
              </value>
            </param>
          </params>
          <reporter-output>
          </reporter-output>
        </test-method> <!-- setUpClass -->
        <test-method signature="runScenario(io.cucumber.testng.PickleWrapper,io.cucumber.testng.FeatureWrapper)[pri:0, instance:org.selenium_cucumber.runner.CucumberRunnerTests@130161f7]" started-at="2024-12-29T17:59:03 CET" name="runScenario" description="Runs Cucumber Scenarios" data-provider="scenarios" finished-at="2024-12-29T17:59:23 CET" duration-ms="19998" status="PASS">
          <params>
            <param index="0">
              <value>
                <![CDATA["The user can log out"]]>
              </value>
            </param>
            <param index="1">
              <value>
                <![CDATA["The login and logout functionality works"]]>
              </value>
            </param>
          </params>
          <reporter-output>
          </reporter-output>
        </test-method> <!-- runScenario -->
        <test-method signature="runScenario(io.cucumber.testng.PickleWrapper,io.cucumber.testng.FeatureWrapper)[pri:0, instance:org.selenium_cucumber.runner.CucumberRunnerTests@130161f7]" started-at="2024-12-29T17:59:03 CET" name="runScenario" description="Runs Cucumber Scenarios" data-provider="scenarios" finished-at="2024-12-29T17:59:33 CET" duration-ms="29780" status="PASS">
          <params>
            <param index="0">
              <value>
                <![CDATA["The user can log in"]]>
              </value>
            </param>
            <param index="1">
              <value>
                <![CDATA["The login and logout functionality works"]]>
              </value>
            </param>
          </params>
          <reporter-output>
          </reporter-output>
        </test-method> <!-- runScenario -->
        <test-method signature="runScenario(io.cucumber.testng.PickleWrapper,io.cucumber.testng.FeatureWrapper)[pri:0, instance:org.selenium_cucumber.runner.CucumberRunnerTests@130161f7]" started-at="2024-12-29T17:59:03 CET" name="runScenario" description="Runs Cucumber Scenarios" data-provider="scenarios" finished-at="2024-12-29T17:59:21 CET" duration-ms="17315" status="PASS">
          <params>
            <param index="0">
              <value>
                <![CDATA["The user can add new elements and remove them"]]>
              </value>
            </param>
            <param index="1">
              <value>
                <![CDATA["A new element can be added and deleted"]]>
              </value>
            </param>
          </params>
          <reporter-output>
          </reporter-output>
        </test-method> <!-- runScenario -->
        <test-method signature="runScenario(io.cucumber.testng.PickleWrapper,io.cucumber.testng.FeatureWrapper)[pri:0, instance:org.selenium_cucumber.runner.CucumberRunnerTests@130161f7]" started-at="2024-12-29T17:59:03 CET" name="runScenario" description="Runs Cucumber Scenarios" data-provider="scenarios" finished-at="2024-12-29T17:59:21 CET" duration-ms="17931" status="PASS">
          <params>
            <param index="0">
              <value>
                <![CDATA["The user can add new elements and remove them"]]>
              </value>
            </param>
            <param index="1">
              <value>
                <![CDATA["A new element can be added and deleted"]]>
              </value>
            </param>
          </params>
          <reporter-output>
          </reporter-output>
        </test-method> <!-- runScenario -->
        <test-method signature="runScenario(io.cucumber.testng.PickleWrapper,io.cucumber.testng.FeatureWrapper)[pri:0, instance:org.selenium_cucumber.runner.CucumberRunnerTests@130161f7]" started-at="2024-12-29T17:59:03 CET" name="runScenario" description="Runs Cucumber Scenarios" data-provider="scenarios" finished-at="2024-12-29T17:59:18 CET" duration-ms="14892" status="FAIL">
          <params>
            <param index="0">
              <value>
                <![CDATA["The user can see elements in the shadow dom"]]>
              </value>
            </param>
            <param index="1">
              <value>
                <![CDATA["The page contains elements in the shadow dom"]]>
              </value>
            </param>
          </params>
          <exception class="java.lang.AssertionError">
            <message>
              <![CDATA[The following asserts failed:
expected [FAIL Let's have some different text!
In a list!] but found [Let's have some different text!
In a list!]]]>
            </message>
            <full-stacktrace>
              <![CDATA[java.lang.AssertionError: The following asserts failed:
expected [FAIL Let's have some different text!
In a list!] but found [Let's have some different text!
In a list!]
at org.testng.asserts.SoftAssert.assertAll(SoftAssert.java:46)
at org.testng.asserts.SoftAssert.assertAll(SoftAssert.java:30)
at org.selenium_cucumber.utilities.Verify.elementHasText(Verify.java:90)
at org.selenium_cucumber.stepdefinitions.ShadowDomStepDefs.theSecondParagraphAppearsWithCorrectText(ShadowDomStepDefs.java:41)
at ✽.the second paragraph appears with correct text(file:///C:/Users/sonrisa/Desktop/MIGRATE/Company%20stuff/Portfolio/Sonrisa/untitled/src/test/resources/features/Shadow_Dom.feature:14)
]]>
            </full-stacktrace>
          </exception> <!-- java.lang.AssertionError -->
          <reporter-output>
            <line>
              <![CDATA[<a href='C:\Users\sonrisa\Desktop\MIGRATE\Company stuff\Portfolio\Sonrisa\untitled\test-output\failure_screenshots\The user can see elements in the shadow dom_2024_12_29_05_59_15.png'> <img src='C:\Users\sonrisa\Desktop\MIGRATE\Company stuff\Portfolio\Sonrisa\untitled\test-output\failure_screenshots\The user can see elements in the shadow dom_2024_12_29_05_59_15.png' height='100' width='100'/> </a>]]>
            </line>
          </reporter-output>
        </test-method> <!-- runScenario -->
        <test-method signature="runScenario(io.cucumber.testng.PickleWrapper,io.cucumber.testng.FeatureWrapper)[pri:0, instance:org.selenium_cucumber.runner.CucumberRunnerTests@130161f7]" started-at="2024-12-29T17:59:03 CET" name="runScenario" description="Runs Cucumber Scenarios" data-provider="scenarios" finished-at="2024-12-29T17:59:24 CET" duration-ms="20430" status="PASS">
          <params>
            <param index="0">
              <value>
                <![CDATA["The user can select and deselect checkboxes"]]>
              </value>
            </param>
            <param index="1">
              <value>
                <![CDATA["The checkboxes can be selected and deselected"]]>
              </value>
            </param>
          </params>
          <reporter-output>
          </reporter-output>
        </test-method> <!-- runScenario -->
        <test-method signature="runScenario(io.cucumber.testng.PickleWrapper,io.cucumber.testng.FeatureWrapper)[pri:0, instance:org.selenium_cucumber.runner.CucumberRunnerTests@130161f7]" started-at="2024-12-29T17:59:03 CET" name="runScenario" description="Runs Cucumber Scenarios" data-provider="scenarios" finished-at="2024-12-29T17:59:25 CET" duration-ms="21479" status="PASS">
          <params>
            <param index="0">
              <value>
                <![CDATA["The user can add new elements and remove them"]]>
              </value>
            </param>
            <param index="1">
              <value>
                <![CDATA["A new element can be added and deleted"]]>
              </value>
            </param>
          </params>
          <reporter-output>
          </reporter-output>
        </test-method> <!-- runScenario -->
        <test-method signature="runScenario(io.cucumber.testng.PickleWrapper,io.cucumber.testng.FeatureWrapper)[pri:0, instance:org.selenium_cucumber.runner.CucumberRunnerTests@130161f7]" started-at="2024-12-29T17:59:03 CET" name="runScenario" description="Runs Cucumber Scenarios" data-provider="scenarios" finished-at="2024-12-29T17:59:33 CET" duration-ms="29581" status="PASS">
          <params>
            <param index="0">
              <value>
                <![CDATA["The user can log in"]]>
              </value>
            </param>
            <param index="1">
              <value>
                <![CDATA["The login and logout functionality works"]]>
              </value>
            </param>
          </params>
          <reporter-output>
          </reporter-output>
        </test-method> <!-- runScenario -->
        <test-method is-config="true" signature="tearDownClass()[pri:0, instance:org.selenium_cucumber.runner.CucumberRunnerTests@130161f7]" started-at="2024-12-29T17:59:33 CET" name="tearDownClass" finished-at="2024-12-29T17:59:33 CET" duration-ms="2" status="PASS">
          <reporter-output>
          </reporter-output>
        </test-method> <!-- tearDownClass -->
      </class> <!-- org.selenium_cucumber.runner.CucumberRunnerTests -->
    </test> <!-- Smoke Tests Microsoft Edge -->
    <test started-at="2024-12-29T17:59:03 CET" name="Smoke Tests Firefox" finished-at="2024-12-29T17:59:40 CET" duration-ms="36893">
      <class name="org.selenium_cucumber.runner.CucumberRunnerTests">
        <test-method is-config="true" signature="setUpClass(org.testng.ITestContext)[pri:0, instance:org.selenium_cucumber.runner.CucumberRunnerTests@35ef1869]" started-at="2024-12-29T17:59:03 CET" name="setUpClass" finished-at="2024-12-29T17:59:03 CET" duration-ms="297" status="PASS">
          <params>
            <param index="0">
              <value>
                <![CDATA[org.testng.TestRunner@f6efaab]]>
              </value>
            </param>
          </params>
          <reporter-output>
          </reporter-output>
        </test-method> <!-- setUpClass -->
        <test-method signature="runScenario(io.cucumber.testng.PickleWrapper,io.cucumber.testng.FeatureWrapper)[pri:0, instance:org.selenium_cucumber.runner.CucumberRunnerTests@35ef1869]" started-at="2024-12-29T17:59:03 CET" name="runScenario" description="Runs Cucumber Scenarios" data-provider="scenarios" finished-at="2024-12-29T17:59:32 CET" duration-ms="28351" status="PASS">
          <params>
            <param index="0">
              <value>
                <![CDATA["The user can add new elements and remove them"]]>
              </value>
            </param>
            <param index="1">
              <value>
                <![CDATA["A new element can be added and deleted"]]>
              </value>
            </param>
          </params>
          <reporter-output>
          </reporter-output>
        </test-method> <!-- runScenario -->
        <test-method signature="runScenario(io.cucumber.testng.PickleWrapper,io.cucumber.testng.FeatureWrapper)[pri:0, instance:org.selenium_cucumber.runner.CucumberRunnerTests@35ef1869]" started-at="2024-12-29T17:59:03 CET" name="runScenario" description="Runs Cucumber Scenarios" data-provider="scenarios" finished-at="2024-12-29T17:59:32 CET" duration-ms="29030" status="PASS">
          <params>
            <param index="0">
              <value>
                <![CDATA["The user can log out"]]>
              </value>
            </param>
            <param index="1">
              <value>
                <![CDATA["The login and logout functionality works"]]>
              </value>
            </param>
          </params>
          <reporter-output>
          </reporter-output>
        </test-method> <!-- runScenario -->
        <test-method signature="runScenario(io.cucumber.testng.PickleWrapper,io.cucumber.testng.FeatureWrapper)[pri:0, instance:org.selenium_cucumber.runner.CucumberRunnerTests@35ef1869]" started-at="2024-12-29T17:59:03 CET" name="runScenario" description="Runs Cucumber Scenarios" data-provider="scenarios" finished-at="2024-12-29T17:59:36 CET" duration-ms="32726" status="PASS">
          <params>
            <param index="0">
              <value>
                <![CDATA["The user can log in"]]>
              </value>
            </param>
            <param index="1">
              <value>
                <![CDATA["The login and logout functionality works"]]>
              </value>
            </param>
          </params>
          <reporter-output>
          </reporter-output>
        </test-method> <!-- runScenario -->
        <test-method signature="runScenario(io.cucumber.testng.PickleWrapper,io.cucumber.testng.FeatureWrapper)[pri:0, instance:org.selenium_cucumber.runner.CucumberRunnerTests@35ef1869]" started-at="2024-12-29T17:59:03 CET" name="runScenario" description="Runs Cucumber Scenarios" data-provider="scenarios" finished-at="2024-12-29T17:59:33 CET" duration-ms="29438" status="PASS">
          <params>
            <param index="0">
              <value>
                <![CDATA["The user can add new elements and remove them"]]>
              </value>
            </param>
            <param index="1">
              <value>
                <![CDATA["A new element can be added and deleted"]]>
              </value>
            </param>
          </params>
          <reporter-output>
          </reporter-output>
        </test-method> <!-- runScenario -->
        <test-method signature="runScenario(io.cucumber.testng.PickleWrapper,io.cucumber.testng.FeatureWrapper)[pri:0, instance:org.selenium_cucumber.runner.CucumberRunnerTests@35ef1869]" started-at="2024-12-29T17:59:03 CET" name="runScenario" description="Runs Cucumber Scenarios" data-provider="scenarios" finished-at="2024-12-29T17:59:40 CET" duration-ms="36528" status="PASS">
          <params>
            <param index="0">
              <value>
                <![CDATA["The user can select and deselect checkboxes"]]>
              </value>
            </param>
            <param index="1">
              <value>
                <![CDATA["The checkboxes can be selected and deselected"]]>
              </value>
            </param>
          </params>
          <reporter-output>
          </reporter-output>
        </test-method> <!-- runScenario -->
        <test-method signature="runScenario(io.cucumber.testng.PickleWrapper,io.cucumber.testng.FeatureWrapper)[pri:0, instance:org.selenium_cucumber.runner.CucumberRunnerTests@35ef1869]" started-at="2024-12-29T17:59:03 CET" name="runScenario" description="Runs Cucumber Scenarios" data-provider="scenarios" finished-at="2024-12-29T17:59:34 CET" duration-ms="30811" status="PASS">
          <params>
            <param index="0">
              <value>
                <![CDATA["The user can log in"]]>
              </value>
            </param>
            <param index="1">
              <value>
                <![CDATA["The login and logout functionality works"]]>
              </value>
            </param>
          </params>
          <reporter-output>
          </reporter-output>
        </test-method> <!-- runScenario -->
        <test-method signature="runScenario(io.cucumber.testng.PickleWrapper,io.cucumber.testng.FeatureWrapper)[pri:0, instance:org.selenium_cucumber.runner.CucumberRunnerTests@35ef1869]" started-at="2024-12-29T17:59:03 CET" name="runScenario" description="Runs Cucumber Scenarios" data-provider="scenarios" finished-at="2024-12-29T17:59:35 CET" duration-ms="32008" status="PASS">
          <params>
            <param index="0">
              <value>
                <![CDATA["The user can add new elements and remove them"]]>
              </value>
            </param>
            <param index="1">
              <value>
                <![CDATA["A new element can be added and deleted"]]>
              </value>
            </param>
          </params>
          <reporter-output>
          </reporter-output>
        </test-method> <!-- runScenario -->
        <test-method signature="runScenario(io.cucumber.testng.PickleWrapper,io.cucumber.testng.FeatureWrapper)[pri:0, instance:org.selenium_cucumber.runner.CucumberRunnerTests@35ef1869]" started-at="2024-12-29T17:59:03 CET" name="runScenario" description="Runs Cucumber Scenarios" data-provider="scenarios" finished-at="2024-12-29T17:59:38 CET" duration-ms="34439" status="FAIL">
          <params>
            <param index="0">
              <value>
                <![CDATA["The user can see elements in the shadow dom"]]>
              </value>
            </param>
            <param index="1">
              <value>
                <![CDATA["The page contains elements in the shadow dom"]]>
              </value>
            </param>
          </params>
          <exception class="java.lang.AssertionError">
            <message>
              <![CDATA[The following asserts failed:
expected [FAIL Let's have some different text!
In a list!] but found [Let's have some different text!
In a list!]]]>
            </message>
            <full-stacktrace>
              <![CDATA[java.lang.AssertionError: The following asserts failed:
expected [FAIL Let's have some different text!
In a list!] but found [Let's have some different text!
In a list!]
at org.testng.asserts.SoftAssert.assertAll(SoftAssert.java:46)
at org.testng.asserts.SoftAssert.assertAll(SoftAssert.java:30)
at org.selenium_cucumber.utilities.Verify.elementHasText(Verify.java:90)
at org.selenium_cucumber.stepdefinitions.ShadowDomStepDefs.theSecondParagraphAppearsWithCorrectText(ShadowDomStepDefs.java:41)
at ✽.the second paragraph appears with correct text(file:///C:/Users/sonrisa/Desktop/MIGRATE/Company%20stuff/Portfolio/Sonrisa/untitled/src/test/resources/features/Shadow_Dom.feature:14)
]]>
            </full-stacktrace>
          </exception> <!-- java.lang.AssertionError -->
          <reporter-output>
            <line>
              <![CDATA[<a href='C:\Users\sonrisa\Desktop\MIGRATE\Company stuff\Portfolio\Sonrisa\untitled\test-output\failure_screenshots\The user can see elements in the shadow dom_2024_12_29_05_59_37.png'> <img src='C:\Users\sonrisa\Desktop\MIGRATE\Company stuff\Portfolio\Sonrisa\untitled\test-output\failure_screenshots\The user can see elements in the shadow dom_2024_12_29_05_59_37.png' height='100' width='100'/> </a>]]>
            </line>
          </reporter-output>
        </test-method> <!-- runScenario -->
        <test-method is-config="true" signature="tearDownClass()[pri:0, instance:org.selenium_cucumber.runner.CucumberRunnerTests@35ef1869]" started-at="2024-12-29T17:59:40 CET" name="tearDownClass" finished-at="2024-12-29T17:59:40 CET" duration-ms="1" status="PASS">
          <reporter-output>
          </reporter-output>
        </test-method> <!-- tearDownClass -->
      </class> <!-- org.selenium_cucumber.runner.CucumberRunnerTests -->
    </test> <!-- Smoke Tests Firefox -->
  </suite> <!-- Smoke tests -->
</testng-results>
